c:\dev\flappybird\flappybird\release\vc141.pdb
c:\dev\flappybird\flappybird\release\twitch.obj
c:\dev\flappybird\flappybird\release\pipemanager.obj
c:\dev\flappybird\flappybird\release\pipe.obj
c:\dev\flappybird\flappybird\release\gamemanager.obj
c:\dev\flappybird\flappybird\release\flapper.obj
c:\dev\flappybird\flappybird\release\rigidbody.obj
c:\dev\flappybird\flappybird\release\vector3.obj
c:\dev\flappybird\flappybird\release\rect.obj
c:\dev\flappybird\flappybird\release\math.obj
c:\dev\flappybird\flappybird\release\mouse.obj
c:\dev\flappybird\flappybird\release\keyboard.obj
c:\dev\flappybird\flappybird\release\texture.obj
c:\dev\flappybird\flappybird\release\sprite.obj
c:\dev\flappybird\flappybird\release\engine.obj
c:\dev\flappybird\release\flappybird.ipdb
c:\dev\flappybird\release\flappybird.iobj
c:\dev\flappybird\release\flappybird.pdb
c:\dev\flappybird\release\flappybird.exe
c:\dev\flappybird\flappybird\release\flappybird.tlog\cl.command.1.tlog
c:\dev\flappybird\flappybird\release\flappybird.tlog\cl.read.1.tlog
c:\dev\flappybird\flappybird\release\flappybird.tlog\cl.write.1.tlog
c:\dev\flappybird\flappybird\release\flappybird.tlog\flappybird.write.1u.tlog
c:\dev\flappybird\flappybird\release\flappybird.tlog\link.command.1.tlog
c:\dev\flappybird\flappybird\release\flappybird.tlog\link.read.1.tlog
c:\dev\flappybird\flappybird\release\flappybird.tlog\link.write.1.tlog
